▲ Next.js 16.2.1 (Turbopack)
- Environments: .env.local, .env

  Creating an optimized production build ...
✓ Compiled successfully in 2.6s
  Running TypeScript ...
  Finished TypeScript in 3.6s ...
  Collecting page data using 9 workers ...
Failed to obtain server version. Unable to check client-server compatibility. Set checkCompatibility=false to skip version check.
Failed to obtain server version. Unable to check client-server compatibility. Set checkCompatibility=false to skip version check.
  Generating static pages using 9 workers (0/9) ...
  Generating static pages using 9 workers (2/9) 
Failed to obtain server version. Unable to check client-server compatibility. Set checkCompatibility=false to skip version check.
  Generating static pages using 9 workers (4/9) 
  Generating static pages using 9 workers (6/9) 
✓ Generating static pages using 9 workers (9/9) in 197ms
  Finalizing page optimization ...

Route (app)
┌ ○ /
├ ○ /_not-found
├ ƒ /api/agent/stream
├ ƒ /api/auth/[...action]
├ ƒ /api/health
├ ƒ /api/trpc/[trpc]
├ ○ /books
├ ƒ /books/[id]
├ ƒ /books/[id]/edit
├ ○ /books/new
└ ○ /login


○  (Static)   prerendered as static content
ƒ  (Dynamic)  server-rendered on demand

