{
  "config": {
    "configFile": "/Users/user/workspace/AI_work/meta-tsundr-next-gen/playwright.config.ts",
    "rootDir": "/Users/user/workspace/AI_work/meta-tsundr-next-gen/tests/e2e",
    "forbidOnly": false,
    "fullyParallel": true,
    "globalSetup": null,
    "globalTeardown": null,
    "globalTimeout": 0,
    "grep": {},
    "grepInvert": null,
    "maxFailures": 0,
    "metadata": {
      "actualWorkers": 4
    },
    "preserveOutput": "always",
    "projects": [
      {
        "outputDir": "/Users/user/workspace/AI_work/meta-tsundr-next-gen/test-results",
        "repeatEach": 1,
        "retries": 0,
        "metadata": {
          "actualWorkers": 4
        },
        "id": "chromium",
        "name": "chromium",
        "testDir": "/Users/user/workspace/AI_work/meta-tsundr-next-gen/tests/e2e",
        "testIgnore": [],
        "testMatch": [
          "**/*.@(spec|test).?(c|m)[jt]s?(x)"
        ],
        "timeout": 30000
      }
    ],
    "quiet": false,
    "reporter": [
      [
        "json"
      ]
    ],
    "reportSlowTests": {
      "max": 5,
      "threshold": 300000
    },
    "runAgents": "none",
    "shard": null,
    "tags": [],
    "updateSnapshots": "missing",
    "updateSourceMethod": "patch",
    "version": "1.58.2",
    "workers": 5,
    "webServer": {
      "command": "npm run dev",
      "url": "http://localhost:3000",
      "reuseExistingServer": true
    }
  },
  "suites": [
    {
      "title": "evidence-capture.spec.ts",
      "file": "evidence-capture.spec.ts",
      "column": 0,
      "line": 0,
      "specs": [],
      "suites": [
        {
          "title": "Evidence Capture",
          "file": "evidence-capture.spec.ts",
          "line": 6,
          "column": 6,
          "specs": [
            {
              "title": "01 - Home / Dashboard page",
              "ok": true,
              "tags": [],
              "tests": [
                {
                  "timeout": 30000,
                  "annotations": [],
                  "expectedStatus": "passed",
                  "projectId": "chromium",
                  "projectName": "chromium",
                  "results": [
                    {
                      "workerIndex": 0,
                      "parallelIndex": 0,
                      "status": "passed",
                      "duration": 2465,
                      "errors": [],
                      "stdout": [],
                      "stderr": [],
                      "retry": 0,
                      "startTime": "2026-03-30T12:38:16.736Z",
                      "annotations": [],
                      "attachments": []
                    }
                  ],
                  "status": "expected"
                }
              ],
              "id": "4d8cef79165089a09e53-20ca6d21856972de0ebb",
              "file": "evidence-capture.spec.ts",
              "line": 7,
              "column": 7
            },
            {
              "title": "02 - Login page",
              "ok": true,
              "tags": [],
              "tests": [
                {
                  "timeout": 30000,
                  "annotations": [],
                  "expectedStatus": "passed",
                  "projectId": "chromium",
                  "projectName": "chromium",
                  "results": [
                    {
                      "workerIndex": 1,
                      "parallelIndex": 1,
                      "status": "passed",
                      "duration": 1642,
                      "errors": [],
                      "stdout": [],
                      "stderr": [],
                      "retry": 0,
                      "startTime": "2026-03-30T12:38:16.730Z",
                      "annotations": [],
                      "attachments": []
                    }
                  ],
                  "status": "expected"
                }
              ],
              "id": "4d8cef79165089a09e53-1f24a99f6c699c0e5c2b",
              "file": "evidence-capture.spec.ts",
              "line": 13,
              "column": 7
            },
            {
              "title": "03 - Health API endpoint",
              "ok": true,
              "tags": [],
              "tests": [
                {
                  "timeout": 30000,
                  "annotations": [],
                  "expectedStatus": "passed",
                  "projectId": "chromium",
                  "projectName": "chromium",
                  "results": [
                    {
                      "workerIndex": 2,
                      "parallelIndex": 2,
                      "status": "passed",
                      "duration": 1243,
                      "errors": [],
                      "stdout": [],
                      "stderr": [],
                      "retry": 0,
                      "startTime": "2026-03-30T12:38:16.735Z",
                      "annotations": [],
                      "attachments": []
                    }
                  ],
                  "status": "expected"
                }
              ],
              "id": "4d8cef79165089a09e53-1d50209093c259531ff7",
              "file": "evidence-capture.spec.ts",
              "line": 19,
              "column": 7
            },
            {
              "title": "04 - Agent executor form",
              "ok": true,
              "tags": [],
              "tests": [
                {
                  "timeout": 30000,
                  "annotations": [],
                  "expectedStatus": "passed",
                  "projectId": "chromium",
                  "projectName": "chromium",
                  "results": [
                    {
                      "workerIndex": 3,
                      "parallelIndex": 3,
                      "status": "passed",
                      "duration": 2417,
                      "errors": [],
                      "stdout": [],
                      "stderr": [],
                      "retry": 0,
                      "startTime": "2026-03-30T12:38:16.734Z",
                      "annotations": [],
                      "attachments": []
                    }
                  ],
                  "status": "expected"
                }
              ],
              "id": "4d8cef79165089a09e53-2f9ad2653c98444f49a4",
              "file": "evidence-capture.spec.ts",
              "line": 25,
              "column": 7
            }
          ]
        }
      ]
    }
  ],
  "errors": [],
  "stats": {
    "startTime": "2026-03-30T12:38:13.978Z",
    "duration": 6205.731000000001,
    "expected": 4,
    "skipped": 0,
    "unexpected": 0,
    "flaky": 0
  }
}
